This is debug logger
This is debug logger
logger - debug
logger - info
logger - warning
logger - error
logger - debug
logger - info
logger - warning
logger - error
logger2 - debug
logger2 - info
logger2 - warning
logger2 - error
logger2 - debug
logger2 - info
logger2 - warning
logger2 - error
logger1 - debug
logger1 - info
logger1 - warning
logger1 - error
first message
second message
first message
second message
second message
second message
logger1 - debug
logger1 - info
logger1 - warning
logger1 - error
logger1 - debug
logger1 - info
logger1 - warning
logger1 - error
logger1 - info
logger1 - warning
logger1 - error
logger1 - warning
logger1 - error
logger1 - warning
logger1 - error
logger1 - warning
logger1 - error
logger1 - warning
logger1 - error
logger1 - warning
logger1 - error
warn msg
logger1 - warning
logger1 - error
logger1 - warning
logger1 - warning
logger1 - error
logger1 - warning
logger1 - error
logger1 - warning
logger1 - error
logger1 - warning
logger1 - error
logger1 - debug
logger1 - info
logger1 - warning
logger1 - error
logger1 - debug
logger1 - info
logger1 - warning
logger1 - error
logger1 - debug
logger1 - info
logger1 - warning
logger1 - error
logger1 - debug
logger1 - info
logger1 - warning
logger1 - error
logger1 - debug
logger1 - info
logger1 - warning
logger1 - error
